TN:
SF:C:\Users\25224\Desktop\githubTest\__test__\count\count.js
FN:2,(anonymous_0)
FN:5,(anonymous_1)
FN:8,(anonymous_2)
FN:11,(anonymous_3)
FN:14,(anonymous_4)
FNF:5
FNH:3
FNDA:2,(anonymous_0)
FNDA:1,(anonymous_1)
FNDA:0,(anonymous_2)
FNDA:1,(anonymous_3)
FNDA:0,(anonymous_4)
DA:3,2
DA:6,1
DA:9,0
DA:12,1
DA:15,0
LF:5
LH:3
BRF:0
BRH:0
end_of_record
TN:
SF:C:\Users\25224\Desktop\githubTest\__test__\mock\demo.js
FN:2,(anonymous_0)
FN:7,(anonymous_1)
FN:8,(anonymous_2)
FNF:3
FNH:2
FNDA:0,(anonymous_0)
FNDA:1,(anonymous_1)
FNDA:1,(anonymous_2)
DA:2,1
DA:3,0
DA:7,1
DA:8,1
DA:9,1
LF:5
LH:4
BRF:0
BRH:0
end_of_record
TN:
SF:C:\Users\25224\Desktop\githubTest\__test__\mock\forEach.js
FN:1,forEach
FNF:1
FNH:1
FNDA:1,forEach
DA:2,1
DA:3,2
LF:2
LH:2
BRF:0
BRH:0
end_of_record
TN:
SF:C:\Users\25224\Desktop\githubTest\__test__\sum\sum.js
FN:1,add
FNF:1
FNH:1
FNDA:1,add
DA:1,1
DA:2,1
LF:2
LH:2
BRF:0
BRH:0
end_of_record
